<?xml version="1.0" encoding="UTF-8"?>
<!-- Generated by org.testng.reporters.JUnitReportReporter -->
<testsuite hostname="Shakeela" failures="0" tests="1" name="demoproject1.Test1" time="0.008" errors="0" timestamp="2023-08-09T09:48:33 IST" skipped="0">
  <testcase classname="demoproject1.Test1" name="f" time="0.008">
    <system-out>
      <![CDATA[unoS]]>
    </system-out>
  </testcase> <!-- f -->
  <system-out>
    <![CDATA[unoS]]>
  </system-out>
</testsuite> <!-- demoproject1.Test1 -->
